Pass - FirefoxDriver: passed 1 tests
 |\- http://localhost:8000/testColorRules.htm ...
 |__ Colors are in a specified set
Error - FirefoxDriver: problem: {hash=6157658e7cd82ee ...
 |\- http://localhost:8000/testFontRules.html
 |__ Fonts (family/size/style) are in a speci ...
Error - FirefoxDriver: problem: {hash=2bc2af8f5ce72bc ...
 |\- http://localhost:8000/testFontRules.html
 |__ Fonts (family/size/style) are in a speci ...
Error - FirefoxDriver: problem: {hash=6e85e214f3b21a4 ...
 |\- http://localhost:8000/testFontRules.html
 |__ Fonts (family/size/style) are in a speci ...
Error - FirefoxDriver: problem: {hash=bd5a4c85896cdbe ...
 |\- http://localhost:8000/testFontRules.html
 |__ Fonts (family/size/style) are in a speci ...
Error - FirefoxDriver: problem: {hash=4a9b8da2e8874db ...
 |\- http://localhost:8000/testFontRules.html
 |__ Fonts (family/size/style) are in a speci ...
Error - FirefoxDriver: problem: {hash=f0d458a20b4ffef ...
 |\- http://localhost:8000/testFontRules.html
 |__ Fonts (family/size/style) are in a speci ...
